3
3
5
8
10
11
11
11
18
23
29
38
66
72
73
86
91
102
109
112
116
122
124
131
132
142
143
154
156
165
168
170
175
176
187
215
217
226
233
255
265
270
272
282
291
291
305
307
328
328
338
339
344
347
348
351
364
372
377
379
386
393
399
402
413
414
419
423
425
433
466
468
469
469
477
478
496
513
519
530
536
542
561
562
565
566
568
569
571
580
612
626
639
641
663
669
678
685
686
691
694
697
699
703
709
727
734
758
758
764
770
777
785
799
820
821
823
835
842
845
848
883
885
888
901
909
913
914
922
923
931
942
943
944
948
955
962
963
966
981
1006
1024
1027
1031
1037
1048
1057
1059
1068
1073
1076
1089
1092
1100
1113
1119
1135
1145
1157
1160
1174
1176
1184
1187
1190
1192
1193
1193
1194
1194
1195
1197
1204
1204
1211
1218
1232
1236
1258
1262
1267
1279
1280
1280
1291
1299
1303
1306
1316
1321
1333
1337
1338
1358
1386
1389
1403
1405
1410
1415
1417
1422
1455
1466
1475
1476
1483
1486
1488
1493
1495
1499
1503
1513
1516
1522
1531
1539
1543
1546
1547
1549
1564
1567
1576
1591
1596
1604
1614
1615
1617
1621
1622
1625
1640
1671
1689
1704
1707
1709
1715
1721
1723
1746
1748
1750
1756
1756
1774
1780
1791
1791
1798
1801
1805
1823
1832
1833
1854
1860
1875
1881
1890
1894
1895
1901
1904
1910
1928
1928
1940
1949
1951
1962
1963
1966
1967
1977
1981
1991
1996
1998
2001
2002
2002
2005
2009
2015
2015
2038
2045
2046
2051
2076
2085
2088
2089
2101
2106
2121
2125
2150
2151
2154
2176
2189
2209
2224
2234
2236
2241
2251
2259
2270
2286
2289
2294
2297
2305
2309
2309
2315
2319
2321
2324
2329
2353
2357
2368
2371
2392
2417
2419
2426
2431
2445
2452
2455
2457
2457
2463
2475
2484
2490
2498
2500
2512
2530
2533
2535
2535
2537
2540
2551
2556
2561
2561
2570
2573
2574
2579
2586
2603
2610
2636
2640
2660
2697
2705
2708
2712
2732
2742
2746
2749
2788
2796
2798
2802
2814
2816
2828
2830
2843
2855
2857
2859
2864
2868
2870
2892
2893
2900
2908
2918
2921
2926
2928
2929
2932
2941
2954
2956
2958
2963
2971
2972
2980
2983
2985
2995
2998
2999
3001
3002
3005
3040
3054
3055
3066
3067
3073
3074
3075
3082
3083
3091
3104
3105
3107
3124
3127
3146
3150
3175
3181
3181
3187
3187
3189
3197
3199
3206
3230
3234
3236
3248
3258
3265
3303
3311
3311
3326
3341
3353
3358
3364
3370
3374
3375
3385
3399
3410
3416
3416
3433
3438
3438
3455
3456
3466
3467
3468
3471
3479
3492
3510
3516
3529
3531
3534
3547
3550
3561
3567
3578
3596
3596
3608
3613
3615
3618
3631
3658
3673
3691
3692
3711
3712
3725
3728
3730
3732
3751
3755
3771
3782
3790
3803
3808
3808
3809
3812
3813
3814
3831
3836
3868
3892
3895
3904
3907
3914
3921
3927
3928
3931
3934
3934
3942
3948
3951
3967
3977
3979
3980
3982
3987
3993
4008
4012
4042
4055
4070
4077
4109
4111
4113
4116
4144
4144
4152
4159
4165
4172
4178
4213
4213
4228
4235
4243
4245
4250
4266
4266
4293
4296
4307
4315
4317
4337
4346
4360
4362
4376
4385
4393
4393
4394
4398
4407
4414
4417
4427
4430
4431
4435
4436
4439
4439
4440
4440
4450
4457
4471
4480
4482
4484
4485
4490
4502
4510
4518
4519
4525
4527
4534
4551
4554
4555
4572
4579
4609
4611
4622
4636
4639
4646
4649
4652
4663
4676
4680
4684
4692
4693
4694
4695
4699
4704
4709
4719
4722
4739
4761
4762
4767
4767
4769
4771
4774
4780
4782
4787
4793
4794
4799
4805
4809
4809
4816
4823
4836
4866
4879
4891
4891
4893
4904
4906
4939
4965
4970
4971
4983
4992
5006
5035
5035
5036
5038
5039
5049
5051
5053
5062
5076
5095
5097
5098
5112
5118
5122
5127
5138
5143
5146
5147
5162
5176
5178
5179
5198
5206
5207
5221
5228
5230
5268
5271
5276
5282
5295
5306
5316
5327
5338
5338
5341
5342
5344
5346
5349
5350
5356
5360
5363
5368
5380
5381
5386
5391
5392
5393
5394
5402
5410
5420
5427
5428
5429
5430
5435
5440
5443
5456
5458
5472
5475
5477
5480
5484
5493
5520
5547
5569
5574
5611
5615
5631
5642
5645
5647
5648
5658
5661
5672
5673
5690
5690
5692
5692
5700
5703
5705
5727
5746
5761
5784
5817
5848
5848
5857
5861
5866
5871
5891
5895
5906
5910
5912
5912
5920
5930
5941
5952
5962
5967
5980
5981
5996
5997
6000
6004
6008
6023
6028
6032
6037
6037
6037
6042
6054
6069
6071
6079
6093
6103
6113
6129
6143
6145
6150
6157
6168
6171
6175
6180
6181
6182
6185
6190
6203
6205
6227
6228
6229
6229
6231
6236
6237
6245
6245
6258
6266
6278
6279
6288
6303
6303
6304
6305
6313
6316
6324
6326
6330
6345
6355
6369
6369
6381
6390
6411
6411
6424
6445
6464
6467
6471
6482
6488
6489
6492
6492
6495
6495
6497
6503
6511
6514
6522
6530
6536
6541
6550
6556
6575
6581
6581
6583
6585
6590
6594
6600
6602
6615
6617
6632
6634
6646
6669
6702
6704
6704
6708
6730
6734
6739
6743
6748
6757
6760
6761
6764
6794
6798
6806
6820
6822
6827
6839
6860
6861
6873
6877
6879
6884
6889
6890
6905
6906
6926
6926
6933
6934
6937
6941
6960
6968
6973
6983
6999
7011
7026
7027
7027
7029
7032
7034
7034
7035
7040
7040
7052
7060
7062
7071
7083
7092
7096
7100
7108
7110
7114
7127
7139
7144
7146
7149
7171
7173
7189
7201
7204
7204
7207
7207
7213
7220
7224
7233
7247
7248
7260
7261
7276
7290
7292
7304
7318
7343
7344
7347
7350
7355
7367
7382
7385
7388
7401
7403
7410
7420
7421
7423
7439
7444
7445
7447
7447
7448
7453
7456
7457
7457
7475
7476
7481
7482
7484
7490
7490
7493
7500
7500
7501
7521
7523
7544
7547
7559
7561
7585
7587
7596
7624
7628
7628
7629
7635
7640
7648
7649
7667
7674
7695
7704
7707
7709
7715
7725
7728
7745
7746
7751
7752
7753
7755
7757
7760
7761
7773
7778
7781
7793
7797
7806
7812
7815
7825
7836
7846
7849
7850
7855
7857
7860
7877
7879
7882
7885
7893
7895
7907
7917
7919
7922
7934
7938
7943
7959
7975
7986
7989
7996
7999
8000
8001
8025
8035
8041
8044
8050
8056
8060
8082
8087
8088
8091
8099
8104
8110
8113
8117
8128
8137
8143
8152
8153
8163
8165
8170
8174
8175
8175
8179
8185
8186
8191
8196
8209
8211
8213
8218
8230
8244
8257
8258
8260
8265
8272
8286
8290
8295
8303
8311
8325
8327
8334
8339
8348
8353
8353
8361
8373
8376
8376
8379
8382
8383
8385
8386
8395
8401
8402
8405
8423
8426
8427
8430
8447
8480
8483
8490
8493
8503
8521
8526
8526
8530
8531
8545
8550
8567
8587
8593
8601
8603
8616
8617
8633
8640
8643
8646
8650
8652
8654
8658
8661
8663
8669
8670
8675
8675
8685
8689
8698
8711
8719
8721
8731
8756
8761
8763
8773
8796
8801
8818
8825
8827
8830
8837
8838
8839
8851
8862
8864
8869
8869
8872
8873
8877
8899
8908
8912
8912
8913
8919
8922
8923
8937
8941
8944
8959
8965
8968
8969
8971
8979
9000
9005
9007
9011
9013
9015
9023
9031
9037
9042
9047
9049
9051
9056
9061
9063
9072
9075
9077
9080
9081
9094
9102
9110
9111
9113
9114
9115
9116
9117
9118
9130
9139
9140
9163
9170
9172
9172
9177
9199
9201
9202
9209
9217
9223
9225
9232
9234
9235
9243
9245
9269
9269
9271
9271
9283
9287
9291
9302
9305
9313
9317
9324
9325
9340
9342
9345
9348
9363
9366
9368
9383
9396
9402
9403
9408
9418
9428
9438
9482
9494
9498
9504
9505
9507
9519
9521
9524
9532
9533
9552
9555
9564
9570
9573
9575
9576
9595
9604
9622
9626
9628
9632
9638
9645
9646
9655
9659
9667
9669
9670
9678
9688
9705
9717
9732
9743
9743
9748
9758
9764
9767
9776
9784
9790
9802
9810
9813
9814
9837
9861
9870
9876
9888
9889
9891
9900
9906
9908
9918
9924
9934
9935
9936
9945
9948
9955
9957
9957
9960
9979
9984
9987
9988
9989
9995
10013
10014
10026
10027
10070
10095
10103
10139
10154
10162
10169
10175
10184
10186
10188
10190
10197
10221
10244
10251
10256
10276
10277
10294
10301
10302
10305
10306
10312
10316
10317
10328
10330
10332
10346
10349
10359
10366
10378
10390
10400
10409
10410
10411
10423
10426
10438
10438
10447
10465
10466
10500
10507
10510
10517
10524
10524
10539
10551
10553
10563
10566
10568
10570
10571
10587
10615
10630
10631
10631
10636
10644
10646
10653
10654
10659
10673
10679
10683
10688
10691
10699
10700
10700
10707
10707
10714
10723
10727
10739
10752
10757
10759
10768
10775
10779
10796
10814
10815
10815
10842
10855
10861
10867
10871
10881
10881
10891
10903
10911
10925
10970
10975
10977
10985
10994
11005
11006
11008
11012
11024
11027
11033
11036
11040
11048
11058
11088
11105
11130
11153
11154
11162
11169
11181
11183
11189
11198
11201
11202
11213
11217
11218
11228
11236
11239
11242
11242
11246
11257
11280
11302
11313
11333
11340
11345
11346
11348
11355
11359
11368
11379
11381
11386
11386
11386
11421
11433
11439
11442
11446
11447
11458
11462
11472
11477
11499
11506
11509
11521
11522
11531
11534
11536
11537
11554
11555
11566
11574
11598
11603
11606
11608
11623
11631
11633
11634
11635
11636
11637
11639
11647
11652
11660
11673
11689
11694
11712
11721
11745
11749
11756
11757
11762
11764
11766
11787
11793
11807
11811
11813
11827
11827
11832
11833
11845
11854
11855
11861
11864
11874
11879
11884
11895
11896
11901
11902
11917
11918
11922
11954
11980
11999
12000
12006
12018
12020
12020
12023
12033
12036
12038
12071
12072
12082
12087
12108
12109
12111
12112
12116
12122
12133
12134
12141
12142
12145
12154
12157
12171
12177
12177
12204
12207
12214
12235
12238
12248
12250
12255
12263
12278
12278
12279
12290
12325
12332
12334
12336
12340
12342
12353
12354
12365
12369
12374
12388
12389
12390
12393
12398
12403
12406
12409
12429
12449
12460
12480
12482
12496
12498
12515
12522
12523
12527
12535
12539
12547
12549
12562
12563
12563
12587
12592
12593
12596
12599
12602
12622
12626
12631
12638
12642
12644
12647
12647
12658
12668
12670
12674
12677
12680
12682
12688
12698
12701
12704
12723
12726
12736
12753
12758
12760
12781
12793
12799
12805
12815
12822
12828
12839
12850
12855
12871
12885
12898
12909
12913
12930
12935
12948
12949
12957
12958
12960
12968
12982
12984
12992
13002
13018
13045
13050
13050
13050
13051
13052
13054
13067
13079
13091
13112
13116
13125
13135
13146
13151
13153
13161
13162
13164
13173
13173
13180
13181
13182
13183
13188
13191
13193
13196
13196
13204
13204
13212
13214
13216
13220
13225
13229
13232
13233
13245
13246
13270
13275
13277
13282
13293
13301
13301
13303
13317
13331
13340
13357
13359
13373
13392
13406
13409
13410
13422
13423
13426
13428
13439
13440
13441
13446
13448
13459
13460
13468
13492
13502
13504
13526
13529
13532
13547
13556
13558
13568
13576
13585
13592
13607
13613
13614
13614
13627
13639
13656
13659
13671
13673
13685
13685
13694
13697
13702
13708
13721
13722
13728
13735
13754
13769
13772
13775
13785
13790
13793
13795
13798
13799
13806
13807
13810
13811
13816
13824
13829
13832
13832
13833
13843
13843
13846
13848
13850
13866
13868
13878
13878
13884
13887
13891
13891
13898
13905
13919
13934
13937
13944
13949
13965
13965
13977
13979
13981
13994
13995
13997
13999
14010
14013
14014
14027
14037
14039
14043
14044
14063
14086
14087
14103
14107
14114
14157
14159
14166
14184
14188
14193
14195
14195
14224
14231
14234
14245
14259
14270
14275
14291
14293
14297
14300
14313
14316
14317
14318
14328
14332
14332
14333
14340
14353
14354
14355
14361
14383
14399
14401
14410
14421
14425
14427
14431
14433
14433
14436
14439
14460
14470
14472
14476
14480
14487
14492
14492
14494
14501
14501
14510
14523
14527
14550
14567
14568
14568
14571
14582
14589
14589
14593
14594
14600
14616
14619
14625
14635
14637
14646
14658
14661
14664
14678
14686
14693
14696
14701
14707
14714
14728
14735
14741
14743
14746
14748
14749
14752
14764
14766
14766
14767
14782
14782
14799
14800
14807
14812
14821
14826
14831
14833
14835
14837
14837
14838
14848
14851
14854
14854
14857
14859
14860
14862
14870
14876
14880
14881
14882
14893
14906
14917
14922
14926
14927
14931
14945
14952
14953
14959
14965
14970
14971
14986
14986
14998
15001
15007
15013
15037
15053
15059
15065
15065
15068
15072
15074
15074
15090
15093
15097
15131
15137
15162
15163
15164
15166
15175
15194
15202
15206
15219
15226
15231
15235
15235
15260
15268
15272
15275
15284
15290
15294
15301
15318
15324
15327
15330
15340
15343
15343
15345
15359
15361
15374
15377
15380
15382
15387
15398
15398
15401
15403
15405
15410
15415
15419
15424
15425
15449
15461
15465
15466
15467
15472
15472
15483
15491
15495
15498
15508
15514
15517
15524
15539
15542
15554
15560
15564
15575
15576
15579
15586
15589
15607
15634
15634
15644
15652
15680
15690
15697
15700
15707
15722
15729
15733
15738
15755
15757
15758
15769
15788
15797
15798
15812
15816
15818
15819
15831
15833
15840
15843
15844
15853
15865
15888
15909
15917
15917
15918
15920
15921
15925
15926
15927
15931
15932
15934
15963
15986
15993
15997
16007
16035
16050
16078
16089
16090
16105
16116
16116
16133
16136
16145
16148
16154
16185
16190
16198
16203
16213
16223
16224
16230
16233
16276
16278
16279
16295
16328
16341
16354
16362
16378
16391
16391
16393
16397
16415
16427
16431
16434
16449
16449
16456
16457
16463
16465
16465
16475
16478
16482
16494
16505
16506
16538
16540
16544
16558
16593
16602
16609
16614
16621
16628
16633
16639
16640
16641
16642
16647
16655
16658
16669
16676
16701
16706
16713
16727
16732
16738
16747
16756
16759
16772
16774
16789
16789
16804
16806
16811
16817
16819
16833
16836
16843
16845
16859
16865
16866
16872
16874
16879
16880
16890
16899
16899
16904
16911
16915
16933
16942
16957
16973
16987
16990
16992
16995
16996
16998
17003
17006
17008
17017
17018
17023
17030
17051
17066
17073
17085
17088
17089
17089
17097
17097
17100
17123
17124
17125
17125
17127
17128
17128
17135
17144
17144
17185
17192
17196
17199
17201
17204
17228
17231
17251
17251
17262
17265
17267
17272
17274
17285
17288
17311
17313
17313
17321
17323
17331
17333
17337
17340
17348
17350
17366
17386
17412
17414
17417
17423
17432
17438
17462
17467
17479
17483
17486
17487
17491
17498
17510
17511
17518
17524
17528
17528
17542
17554
17556
17569
17571
17573
17584
17584
17587
17591
17606
17623
17629
17632
17653
17654
17660
17662
17679
17706
17716
17718
17727
17735
17738
17749
17764
17770
17773
17782
17782
17788
17789
17793
17802
17808
17811
17817
17835
17879
17879
17879
17885
17887
17924
17927
17947
17957
18017
18028
18034
18034
18035
18040
18040
18044
18051
18061
18072
18073
18079
18080
18086
18094
18098
18102
18121
18125
18135
18138
18142
18144
18146
18150
18153
18159
18161
18191
18191
18191
18197
18200
18200
18215
18224
18226
18228
18236
18245
18247
18265
18275
18278
18284
18302
18317
18332
18335
18338
18340
18342
18346
18389
18393
18398
18417
18423
18425
18427
18441
18449
18466
18468
18482
18491
18492
18494
18511
18520
18532
18558
18562
18563
18569
18570
18574
18579
18591
18593
18594
18607
18619
18630
18633
18634
18636
18642
18647
18648
18657
18658
18665
18674
18677
18678
18696
18704
18704
18709
18727
18729
18733
18742
18742
18746
18759
18764
18771
18778
18785
18809
18818
18837
18842
18856
18868
18868
18870
18873
18879
18879
18891
18903
18908
18915
18917
18920
18929
18933
18937
18952
18965
18972
18972
18987
18993
19003
19011
19018
19025
19045
19052
19053
19055
19066
19066
19067
19072
19087
19090
19099
19107
19109
19109
19113
19120
19123
19125
19136
19146
19151
19161
19167
19169
19176
19177
19202
19229
19234
19240
19246
19261
19274
19274
19283
19283
19286
19301
19307
19323
19324
19324
19325
19343
19346
19348
19355
19355
19356
19363
19384
19393
19395
19400
19404
19416
19419
19433
19435
19439
19491
19506
19506
19517
19519
19521
19527
19540
19550
19562
19569
19574
19588
19601
19604
19608
19611
19615
19617
19623
19636
19639
19639
19658
19678
19684
19684
19709
19711
19729
19737
19753
19762
19786
19789
19793
19795
19798
19804
19810
19811
19811
19815
19822
19833
19834
19856
19864
19883
19884
19893
19901
19902
19903
19912
19931
19944
19946
19956
19960
19967
19969
19971
19975
19976
19976
20003
20003
20010
20019
20023
20030
20032
20054
20063
20067
20076
20096
20102
20104
20104
20111
20114
20119
20122
20125
20130
20176
20177
20208
20208
20212
20224
20226
20229
20235
20252
20273
20281
20285
20289
20292
20292
20293
20297
20310
20314
20320
20321
20323
20347
20353
20368
20385
20409
20415
20427
20429
20431
20442
20443
20447
20452
20466
20470
20471
20481
20486
20494
20497
20504
20507
20519
20520
20521
20522
20529
20537
20542
20551
20551
20553
20555
20583
20594
20620
20627
20646
20646
20647
20652
20655
20665
20669
20673
20677
20678
20682
20683
20712
20720
20720
20724
20727
20727
20746
20748
20769
20773
20777
20786
20788
20789
20804
20809
20838
20840
20847
20855
20856
20857
20858
20870
20872
20891
20909
20914
20915
20917
20926
20927
20948
20963
20986
20988
20994
21015
21020
21021
21042
21045
21061
21084
21090
21091
21094
21099
21105
21106
21116
21119
21136
21141
21146
21149
21150
21150
21163
21164
21192
21195
21201
21209
21214
21223
21223
21223
21242
21244
21254
21257
21264
21275
21282
21294
21295
21296
21309
21310
21314
21326
21329
21337
21339
21351
21357
21362
21385
21391
21395
21401
21401
21401
21407
21419
21423
21433
21441
21457
21473
21485
21487
21489
21492
21492
21495
21498
21525
21553
21556
21559
21563
21572
21575
21584
21606
21610
21624
21624
21629
21632
21641
21648
21657
21658
21664
21680
21689
21700
21716
21738
21741
21748
21751
21758
21769
21775
21789
21798
21806
21824
21824
21832
21836
21858
21869
21872
21882
21885
21891
21903
21903
21903
21905
21910
21915
21920
21931
21937
21942
21948
21952
21967
21974
21976
21994
22004
22017
22020
22022
22023
22044
22049
22051
22064
22068
22080
22085
22099
22104
22110
22114
22118
22150
22152
22154
22162
22172
22174
22176
22186
22190
22197
22199
22207
22209
22217
22219
22225
22226
22230
22231
22234
22236
22264
22270
22273
22281
22282
22298
22303
22310
22345
22353
22362
22369
22379
22380
22381
22387
22387
22410
22412
22454
22461
22480
22494
22502
22504
22504
22509
22515
22515
22522
22530
22536
22546
22548
22552
22570
22570
22574
22575
22584
22587
22588
22594
22595
22598
22603
22622
22625
22626
22634
22636
22637
22640
22641
22653
22674
22679
22684
22692
22692
22704
22709
22725
22746
22747
22748
22770
22775
22777
22790
22798
22799
22799
22811
22817
22819
22832
22843
22849
22852
22872
22874
22874
22897
22912
22913
22930
22936
22972
22976
22980
22982
22990
22993
22996
23044
23047
23055
23079
23099
23107
23116
23122
23126
23128
23142
23156
23160
23174
23187
23212
23213
23222
23225
23237
23246
23266
23267
23288
23293
23293
23298
23304
23314
23316
23324
23325
23339
23349
23362
23364
23365
23383
23397
23399
23408
23409
23411
23417
23428
23428
23437
23446
23452
23462
23465
23477
23488
23489
23493
23494
23496
23501
23517
23526
23546
23548
23568
23582
23585
23589
23594
23595
23597
23606
23608
23616
23626
23626
23628
23645
23652
23658
23659
23663
23676
23690
23690
23703
23711
23719
23724
23724
23727
23735
23737
23745
23746
23747
23747
23751
23778
23787
23792
23792
23796
23796
23801
23805
23809
23816
23833
23836
23839
23844
23853
23862
23863
23864
23872
23882
23897
23901
23910
23912
23913
23924
23928
23946
23947
23972
23972
23988
23992
23994
23995
24000
24010
24044
24050
24066
24071
24074
24079
24093
24094
24095
24096
24099
24108
24116
24137
24140
24148
24148
24163
24175
24181
24186
24192
24195
24199
24202
24231
24235
24243
24267
24270
24278
24283
24289
24293
24294
24303
24310
24341
24343
24343
24348
24351
24352
24365
24367
24375
24391
24396
24404
24406
24420
24429
24431
24436
24450
24453
24464
24473
24475
24477
24483
24486
24493
24496
24502
24502
24508
24528
24533
24542
24546
24546
24549
24549
24551
24553
24555
24557
24560
24567
24569
24573
24577
24582
24586
24593
24621
24626
24637
24637
24652
24654
24659
24661
24682
24685
24685
24686
24691
24692
24695
24695
24700
24705
24708
24708
24709
24723
24729
24731
24733
24736
24739
24746
24771
24772
24778
24806
24809
24817
24821
24823
24847
24852
24852
24859
24860
24867
24868
24890
24892
24894
24901
24902
24919
24925
24935
24935
24936
24938
24939
24940
24949
24953
24958
24966
24967
24974
24976
24997
25008
25021
25024
25024
25028
25042
25051
25053
25086
25094
25100
25101
25103
25106
25113
25120
25131
25144
25154
25157
25162
25163
25182
25185
25185
25188
25208
25209
25223
25224
25227
25227
25245
25246
25259
25261
25265
25276
25280
25289
25289
25294
25323
25341
25382
25385
25399
25430
25448
25478
25493
25494
25516
25517
25518
25523
25523
25530
25538
25546
25560
25562
25567
25575
25598
25600
25606
25607
25614
25616
25616
25621
25623
25644
25644
25647
25651
25653
25653
25657
25658
25660
25663
25664
25665
25674
25676
25677
25679
25682
25686
25703
25732
25732
25734
25742
25743
25744
25755
25778
25797
25804
25808
25822
25824
25832
25832
25864
25877
25877
25892
25895
25904
25914
25919
25922
25941
25949
25954
25962
25971
25978
25992
25996
25998
26001
26003
26004
26009
26010
26014
26014
26038
26043
26054
26061
26061
26065
26067
26070
26076
26078
26085
26092
26094
26095
26102
26105
26117
26119
26120
26145
26146
26147
26152
26153
26157
26160
26163
26171
26176
26177
26191
26217
26222
26239
26245
26248
26249
26259
26261
26267
26272
26277
26279
26289
26292
26295
26300
26301
26319
26323
26323
26325
26339
26355
26374
26375
26378
26382
26389
26408
26415
26417
26418
26424
26427
26433
26435
26438
26442
26443
26468
26482
26484
26485
26498
26515
26515
26521
26526
26534
26548
26554
26563
26573
26578
26589
26597
26598
26619
26623
26628
26631
26633
26634
26635
26641
26650
26652
26653
26660
26660
26664
26669
26686
26697
26701
26704
26706
26707
26712
26723
26725
26726
26739
26744
26745
26747
26748
26750
26774
26776
26778
26781
26782
26782
26782
26782
26784
26796
26797
26806
26814
26831
26845
26854
26888
26912
26914
26918
26921
26944
26949
26965
26970
26972
26975
26999
27000
27007
27025
27027
27027
27028
27029
27032
27044
27045
27047
27054
27057
27062
27063
27072
27073
27073
27078
27080
27081
27101
27103
27106
27114
27114
27127
27156
27159
27182
27183
27208
27209
27211
27232
27235
27252
27270
27278
27294
27301
27307
27308
27316
27318
27319
27322
27326
27345
27349
27353
27370
27379
27406
27415
27422
27435
27449
27449
27459
27481
27483
27483
27487
27498
27501
27504
27513
27536
27537
27541
27550
27558
27560
27574
27577
27584
27592
27598
27607
27627
27637
27637
27649
27652
27660
27662
27663
27664
27665
27667
27676
27681
27684
27686
27689
27691
27714
27715
27716
27719
27722
27726
27729
27732
27740
27741
27743
27752
27758
27761
27762
27764
27764
27776
27788
27801
27809
27814
27814
27828
27832
27833
27860
27864
27877
27881
27913
27927
27929
27932
27941
27945
27955
27965
27968
27973
27974
27975
27986
28018
28031
28032
28033
28044
28045
28050
28057
28057
28064
28066
28067
28072
28077
28084
28087
28106
28109
28112
28113
28119
28124
28127
28128
28129
28142
28153
28158
28182
28182
28184
28188
28191
28218
28225
28233
28269
28276
28283
28295
28297
28298
28303
28317
28324
28335
28340
28341
28357
28364
28367
28385
28386
28397
28398
28402
28424
28427
28432
28443
28444
28445
28445
28445
28446
28462
28483
28487
28501
28502
28515
28539
28559
28571
28577
28577
28579
28581
28593
28593
28606
28614
28615
28615
28624
28634
28648
28648
28648
28654
28658
28663
28666
28668
28684
28687
28690
28694
28700
28708
28710
28718
28720
28728
28733
28735
28738
28740
28740
28745
28746
28753
28758
28762
28777
28781
28800
28810
28821
28832
28855
28857
28867
28878
28893
28907
28913
28915
28931
28939
28943
28946
28946
28954
28954
28956
28965
28972
28994
28995
29014
29016
29022
29034
29036
29056
29080
29080
29084
29091
29092
29098
29102
29111
29111
29129
29134
29138
29142
29148
29150
29163
29183
29183
29184
29185
29199
29210
29221
29225
29238
29241
29241
29241
29278
29286
29288
29291
29304
29307
29320
29323
29341
29350
29359
29360
29362
29363
29367
29370
29371
29377
29381
29398
29410
29415
29416
29422
29436
29448
29468
29473
29492
29504
29511
29532
29552
29554
29562
29571
29572
29573
29573
29581
29585
29595
29597
29599
29608
29613
29628
29638
29640
29644
29645
29654
29673
29675
29675
29678
29683
29693
29698
29716
29717
29738
29738
29742
29748
29755
29763
29769
29771
29783
29788
29791
29796
29801
29802
29830
29842
29847
29857
29863
29864
29865
29880
29882
29882
29897
29907
29950
29958
29961
29982
29997
